0 info it worked if it ends with ok
1 verbose cli [ '/Users/DrBroad/.nvm/v0.10.24/bin/node',
1 verbose cli   '/Users/DrBroad/.nvm/v0.10.24/bin/npm',
1 verbose cli   'install' ]
2 info using npm@1.3.21
3 info using node@v0.10.24
4 verbose readDependencies using package.json deps
5 verbose install where, deps [ '/Users/DrBroad/__dev/generator-response',
5 verbose install   [ 'yeoman-generator',
5 verbose install     'chalk',
5 verbose install     'rimraf',
5 verbose install     'underscore',
5 verbose install     'underscore-contrib',
5 verbose install     'q',
5 verbose install     'wrench',
5 verbose install     'mysql',
5 verbose install     'simple-git',
5 verbose install     'mkdirp',
5 verbose install     'wp-util',
5 verbose install     'mocha' ] ]
6 info preinstall generator-response@0.1.0
7 warn package.json wp-util@0.1.2 No repository field.
8 verbose readDependencies using package.json deps
9 verbose already installed skipping rimraf@~2.1.4 /Users/DrBroad/__dev/generator-response
10 verbose already installed skipping yeoman-generator@~0.16.0 /Users/DrBroad/__dev/generator-response
11 verbose already installed skipping chalk@~0.4.0 /Users/DrBroad/__dev/generator-response
12 verbose already installed skipping underscore@~1.5.1 /Users/DrBroad/__dev/generator-response
13 verbose already installed skipping q@~0.9.7 /Users/DrBroad/__dev/generator-response
14 verbose already installed skipping underscore-contrib@http://github.com/documentcloud/underscore-contrib/tarball/master /Users/DrBroad/__dev/generator-response
15 verbose already installed skipping wrench@~1.4.4 /Users/DrBroad/__dev/generator-response
16 verbose already installed skipping mysql@~2.0.0-alpha7 /Users/DrBroad/__dev/generator-response
17 verbose already installed skipping mkdirp@~0.3.5 /Users/DrBroad/__dev/generator-response
18 verbose already installed skipping simple-git@~0.2.0 /Users/DrBroad/__dev/generator-response
19 verbose cache add [ 'wp-util@https://github.com/wesleytodd/wp-util/archive/master.zip',
19 verbose cache add   null ]
20 verbose cache add name=undefined spec="wp-util@https://github.com/wesleytodd/wp-util/archive/master.zip" args=["wp-util@https://github.com/wesleytodd/wp-util/archive/master.zip",null]
21 verbose parsed url { protocol: null,
21 verbose parsed url   slashes: null,
21 verbose parsed url   auth: null,
21 verbose parsed url   host: null,
21 verbose parsed url   port: null,
21 verbose parsed url   hostname: null,
21 verbose parsed url   hash: null,
21 verbose parsed url   search: null,
21 verbose parsed url   query: null,
21 verbose parsed url   pathname: 'wp-util@https://github.com/wesleytodd/wp-util/archive/master.zip',
21 verbose parsed url   path: 'wp-util@https://github.com/wesleytodd/wp-util/archive/master.zip',
21 verbose parsed url   href: 'wp-util@https://github.com/wesleytodd/wp-util/archive/master.zip' }
22 verbose cache add name="wp-util" spec="https://github.com/wesleytodd/wp-util/archive/master.zip" args=["wp-util","https://github.com/wesleytodd/wp-util/archive/master.zip"]
23 verbose parsed url { protocol: 'https:',
23 verbose parsed url   slashes: true,
23 verbose parsed url   auth: null,
23 verbose parsed url   host: 'github.com',
23 verbose parsed url   port: null,
23 verbose parsed url   hostname: 'github.com',
23 verbose parsed url   hash: null,
23 verbose parsed url   search: null,
23 verbose parsed url   query: null,
23 verbose parsed url   pathname: '/wesleytodd/wp-util/archive/master.zip',
23 verbose parsed url   path: '/wesleytodd/wp-util/archive/master.zip',
23 verbose parsed url   href: 'https://github.com/wesleytodd/wp-util/archive/master.zip' }
24 verbose already installed skipping mocha@* /Users/DrBroad/__dev/generator-response
25 silly lockFile c5ec005c-ytodd-wp-util-archive-master-zip https://github.com/wesleytodd/wp-util/archive/master.zip
26 verbose lock https://github.com/wesleytodd/wp-util/archive/master.zip /Users/DrBroad/.npm/c5ec005c-ytodd-wp-util-archive-master-zip.lock
27 verbose addRemoteTarball [ 'https://github.com/wesleytodd/wp-util/archive/master.zip',
27 verbose addRemoteTarball   null ]
28 info retry fetch attempt 1 at 19:46:06
29 verbose fetch to= /var/folders/f4/xjby77695pbcgfdjfclfdqd40000gn/T/npm-30840-19cQO8Dm/1397519166268-0.6194110354408622/tmp.tgz
30 http GET https://github.com/wesleytodd/wp-util/archive/master.zip
31 http 200 https://github.com/wesleytodd/wp-util/archive/master.zip
32 verbose tar unpack /var/folders/f4/xjby77695pbcgfdjfclfdqd40000gn/T/npm-30840-19cQO8Dm/1397519166268-0.6194110354408622/tmp.tgz
33 silly lockFile 9229e2d9-66268-0-6194110354408622-package tar:///var/folders/f4/xjby77695pbcgfdjfclfdqd40000gn/T/npm-30840-19cQO8Dm/1397519166268-0.6194110354408622/package
34 verbose lock tar:///var/folders/f4/xjby77695pbcgfdjfclfdqd40000gn/T/npm-30840-19cQO8Dm/1397519166268-0.6194110354408622/package /Users/DrBroad/.npm/9229e2d9-66268-0-6194110354408622-package.lock
35 silly lockFile 27ec4383-66268-0-6194110354408622-tmp-tgz tar:///var/folders/f4/xjby77695pbcgfdjfclfdqd40000gn/T/npm-30840-19cQO8Dm/1397519166268-0.6194110354408622/tmp.tgz
36 verbose lock tar:///var/folders/f4/xjby77695pbcgfdjfclfdqd40000gn/T/npm-30840-19cQO8Dm/1397519166268-0.6194110354408622/tmp.tgz /Users/DrBroad/.npm/27ec4383-66268-0-6194110354408622-tmp-tgz.lock
37 silly gunzTarPerm modes [ '755', '644' ]
38 error not a package /var/folders/f4/xjby77695pbcgfdjfclfdqd40000gn/T/npm-30840-19cQO8Dm/1397519166268-0.6194110354408622/tmp.tgz
39 silly lockFile 9229e2d9-66268-0-6194110354408622-package tar:///var/folders/f4/xjby77695pbcgfdjfclfdqd40000gn/T/npm-30840-19cQO8Dm/1397519166268-0.6194110354408622/package
40 silly lockFile 9229e2d9-66268-0-6194110354408622-package tar:///var/folders/f4/xjby77695pbcgfdjfclfdqd40000gn/T/npm-30840-19cQO8Dm/1397519166268-0.6194110354408622/package
41 silly lockFile 27ec4383-66268-0-6194110354408622-tmp-tgz tar:///var/folders/f4/xjby77695pbcgfdjfclfdqd40000gn/T/npm-30840-19cQO8Dm/1397519166268-0.6194110354408622/tmp.tgz
42 silly lockFile 27ec4383-66268-0-6194110354408622-tmp-tgz tar:///var/folders/f4/xjby77695pbcgfdjfclfdqd40000gn/T/npm-30840-19cQO8Dm/1397519166268-0.6194110354408622/tmp.tgz
43 silly lockFile c5ec005c-ytodd-wp-util-archive-master-zip https://github.com/wesleytodd/wp-util/archive/master.zip
44 silly lockFile c5ec005c-ytodd-wp-util-archive-master-zip https://github.com/wesleytodd/wp-util/archive/master.zip
45 error Error: ENOENT, open '/var/folders/f4/xjby77695pbcgfdjfclfdqd40000gn/T/npm-30840-19cQO8Dm/1397519166268-0.6194110354408622/package/package.json'
46 error If you need help, you may report this *entire* log,
46 error including the npm and node versions, at:
46 error     <http://github.com/isaacs/npm/issues>
47 error System Darwin 13.1.0
48 error command "/Users/DrBroad/.nvm/v0.10.24/bin/node" "/Users/DrBroad/.nvm/v0.10.24/bin/npm" "install"
49 error cwd /Users/DrBroad/__dev/generator-response
50 error node -v v0.10.24
51 error npm -v 1.3.21
52 error path /var/folders/f4/xjby77695pbcgfdjfclfdqd40000gn/T/npm-30840-19cQO8Dm/1397519166268-0.6194110354408622/package/package.json
53 error code ENOENT
54 error errno 34
55 verbose exit [ 34, true ]
